Performance Statistics   2011-12-31 10:40:00 - 2011-12-31 10:41:00
Tag                                                  Avg(ms)         Min         Max     Std Dev       Count
CREATE_TICKET_GRANTING_TICKET                           11.0          11          11         0.0           1
GRANT_SERVICE_TICKET                                     3.0           3           3         0.0           1
VALIDATE_SERVICE_TICKET                                  4.0           4           4         0.0           1

Performance Statistics   2011-12-31 10:41:00 - 2011-12-31 10:42:00
Tag                                                  Avg(ms)         Min         Max     Std Dev       Count
CREATE_TICKET_GRANTING_TICKET                            2.0           2           2         0.0           1
DESTROY_TICKET_GRANTING_TICKET                           6.0           0          12         6.0           2
GRANT_SERVICE_TICKET                                     0.7           0           1         0.5           3
VALIDATE_SERVICE_TICKET                                  0.5           0           1         0.5           2

Performance Statistics   2011-12-31 12:29:00 - 2011-12-31 12:30:00
Tag                                                  Avg(ms)         Min         Max     Std Dev       Count
CREATE_TICKET_GRANTING_TICKET                           17.0          17          17         0.0           1
GRANT_SERVICE_TICKET                                     4.0           4           4         0.0           1

Performance Statistics   2011-12-31 12:31:00 - 2011-12-31 12:32:00
Tag                                                  Avg(ms)         Min         Max     Std Dev       Count

Performance Statistics   2011-12-31 12:32:00 - 2011-12-31 12:33:00
Tag                                                  Avg(ms)         Min         Max     Std Dev       Count
CREATE_TICKET_GRANTING_TICKET                           14.0          14          14         0.0           1
DESTROY_TICKET_GRANTING_TICKET                          17.0          17          17         0.0           1
GRANT_SERVICE_TICKET                                     1.5           0           3         1.5           2

Performance Statistics   2011-12-31 12:33:00 - 2011-12-31 12:34:00
Tag                                                  Avg(ms)         Min         Max     Std Dev       Count
CREATE_TICKET_GRANTING_TICKET                            3.0           3           3         0.0           1
DESTROY_TICKET_GRANTING_TICKET                           0.0           0           0         0.0           1
GRANT_SERVICE_TICKET                                     0.5           0           1         0.5           2

Performance Statistics   2011-12-31 12:34:00 - 2011-12-31 12:35:00
Tag                                                  Avg(ms)         Min         Max     Std Dev       Count
GRANT_SERVICE_TICKET                                     1.0           1           1         0.0           1

Performance Statistics   2011-12-31 12:35:00 - 2011-12-31 12:36:00
Tag                                                  Avg(ms)         Min         Max     Std Dev       Count

Performance Statistics   2011-12-31 12:36:00 - 2011-12-31 12:37:00
Tag                                                  Avg(ms)         Min         Max     Std Dev       Count

Performance Statistics   2011-12-31 12:37:00 - 2011-12-31 12:38:00
Tag                                                  Avg(ms)         Min         Max     Std Dev       Count

Performance Statistics   2011-12-31 12:38:00 - 2011-12-31 12:39:00
Tag                                                  Avg(ms)         Min         Max     Std Dev       Count

Performance Statistics   2011-12-31 12:39:00 - 2011-12-31 12:40:00
Tag                                                  Avg(ms)         Min         Max     Std Dev       Count
GRANT_SERVICE_TICKET                                     0.0           0           0         0.0           1

Performance Statistics   2011-12-31 12:40:00 - 2011-12-31 12:41:00
Tag                                                  Avg(ms)         Min         Max     Std Dev       Count
GRANT_SERVICE_TICKET                                     0.0           0           0         0.0           1

Performance Statistics   2011-12-31 12:41:00 - 2011-12-31 12:42:00
Tag                                                  Avg(ms)         Min         Max     Std Dev       Count

Performance Statistics   2011-12-31 12:42:00 - 2011-12-31 12:43:00
Tag                                                  Avg(ms)         Min         Max     Std Dev       Count

Performance Statistics   2011-12-31 12:43:00 - 2011-12-31 12:44:00
Tag                                                  Avg(ms)         Min         Max     Std Dev       Count

Performance Statistics   2011-12-31 12:44:00 - 2011-12-31 12:45:00
Tag                                                  Avg(ms)         Min         Max     Std Dev       Count
GRANT_SERVICE_TICKET                                     1.0           1           1         0.0           1

Performance Statistics   2011-12-31 12:45:00 - 2011-12-31 12:46:00
Tag                                                  Avg(ms)         Min         Max     Std Dev       Count

Performance Statistics   2011-12-31 12:46:00 - 2011-12-31 12:47:00
Tag                                                  Avg(ms)         Min         Max     Std Dev       Count

Performance Statistics   2011-12-31 12:47:00 - 2011-12-31 12:48:00
Tag                                                  Avg(ms)         Min         Max     Std Dev       Count

Performance Statistics   2011-12-31 12:48:00 - 2011-12-31 12:49:00
Tag                                                  Avg(ms)         Min         Max     Std Dev       Count

Performance Statistics   2011-12-31 12:49:00 - 2011-12-31 12:50:00
Tag                                                  Avg(ms)         Min         Max     Std Dev       Count

Performance Statistics   2011-12-31 12:50:00 - 2011-12-31 12:51:00
Tag                                                  Avg(ms)         Min         Max     Std Dev       Count

Performance Statistics   2011-12-31 12:51:00 - 2011-12-31 12:52:00
Tag                                                  Avg(ms)         Min         Max     Std Dev       Count

Performance Statistics   2011-12-31 12:52:00 - 2011-12-31 12:53:00
Tag                                                  Avg(ms)         Min         Max     Std Dev       Count

Performance Statistics   2011-12-31 12:53:00 - 2011-12-31 12:54:00
Tag                                                  Avg(ms)         Min         Max     Std Dev       Count

Performance Statistics   2011-12-31 12:54:00 - 2011-12-31 12:55:00
Tag                                                  Avg(ms)         Min         Max     Std Dev       Count

Performance Statistics   2011-12-31 12:55:00 - 2011-12-31 12:56:00
Tag                                                  Avg(ms)         Min         Max     Std Dev       Count

Performance Statistics   2011-12-31 12:56:00 - 2011-12-31 12:57:00
Tag                                                  Avg(ms)         Min         Max     Std Dev       Count

Performance Statistics   2011-12-31 12:57:00 - 2011-12-31 12:58:00
Tag                                                  Avg(ms)         Min         Max     Std Dev       Count

Performance Statistics   2011-12-31 12:58:00 - 2011-12-31 12:59:00
Tag                                                  Avg(ms)         Min         Max     Std Dev       Count

Performance Statistics   2011-12-31 12:59:00 - 2011-12-31 13:00:00
Tag                                                  Avg(ms)         Min         Max     Std Dev       Count

Performance Statistics   2011-12-31 13:00:00 - 2011-12-31 13:01:00
Tag                                                  Avg(ms)         Min         Max     Std Dev       Count

Performance Statistics   2011-12-31 13:01:00 - 2011-12-31 13:02:00
Tag                                                  Avg(ms)         Min         Max     Std Dev       Count
GRANT_SERVICE_TICKET                                     1.0           1           1         0.0           1

Performance Statistics   2011-12-31 13:02:00 - 2011-12-31 13:03:00
Tag                                                  Avg(ms)         Min         Max     Std Dev       Count

Performance Statistics   2011-12-31 13:03:00 - 2011-12-31 13:04:00
Tag                                                  Avg(ms)         Min         Max     Std Dev       Count
GRANT_SERVICE_TICKET                                     1.0           1           1         0.0           1
VALIDATE_SERVICE_TICKET                                  2.0           2           2         0.0           1

Performance Statistics   2011-12-31 13:04:00 - 2011-12-31 13:05:00
Tag                                                  Avg(ms)         Min         Max     Std Dev       Count

Performance Statistics   2011-12-31 13:05:00 - 2011-12-31 13:06:00
Tag                                                  Avg(ms)         Min         Max     Std Dev       Count
CREATE_TICKET_GRANTING_TICKET                            1.0           1           1         0.0           1
DESTROY_TICKET_GRANTING_TICKET                          18.0           0          36        18.0           2
GRANT_SERVICE_TICKET                                     0.0           0           0         0.0           2
VALIDATE_SERVICE_TICKET                                  0.0           0           0         0.0           1

Performance Statistics   2011-12-31 13:06:00 - 2011-12-31 13:07:00
Tag                                                  Avg(ms)         Min         Max     Std Dev       Count

Performance Statistics   2011-12-31 13:07:00 - 2011-12-31 13:08:00
Tag                                                  Avg(ms)         Min         Max     Std Dev       Count

Performance Statistics   2011-12-31 13:08:00 - 2011-12-31 13:09:00
Tag                                                  Avg(ms)         Min         Max     Std Dev       Count

Performance Statistics   2011-12-31 13:09:00 - 2011-12-31 13:10:00
Tag                                                  Avg(ms)         Min         Max     Std Dev       Count

Performance Statistics   2011-12-31 13:10:00 - 2011-12-31 13:11:00
Tag                                                  Avg(ms)         Min         Max     Std Dev       Count

Performance Statistics   2011-12-31 13:11:00 - 2011-12-31 13:12:00
Tag                                                  Avg(ms)         Min         Max     Std Dev       Count

Performance Statistics   2011-12-31 13:12:00 - 2011-12-31 13:13:00
Tag                                                  Avg(ms)         Min         Max     Std Dev       Count

Performance Statistics   2011-12-31 13:13:00 - 2011-12-31 13:14:00
Tag                                                  Avg(ms)         Min         Max     Std Dev       Count

Performance Statistics   2011-12-31 13:14:00 - 2011-12-31 13:15:00
Tag                                                  Avg(ms)         Min         Max     Std Dev       Count

Performance Statistics   2011-12-31 13:15:00 - 2011-12-31 13:16:00
Tag                                                  Avg(ms)         Min         Max     Std Dev       Count

Performance Statistics   2011-12-31 13:16:00 - 2011-12-31 13:17:00
Tag                                                  Avg(ms)         Min         Max     Std Dev       Count

Performance Statistics   2011-12-31 13:17:00 - 2011-12-31 13:18:00
Tag                                                  Avg(ms)         Min         Max     Std Dev       Count

Performance Statistics   2011-12-31 13:18:00 - 2011-12-31 13:19:00
Tag                                                  Avg(ms)         Min         Max     Std Dev       Count

Performance Statistics   2011-12-31 13:19:00 - 2011-12-31 13:20:00
Tag                                                  Avg(ms)         Min         Max     Std Dev       Count

Performance Statistics   2011-12-31 13:20:00 - 2011-12-31 13:21:00
Tag                                                  Avg(ms)         Min         Max     Std Dev       Count

Performance Statistics   2011-12-31 13:21:00 - 2011-12-31 13:22:00
Tag                                                  Avg(ms)         Min         Max     Std Dev       Count

Performance Statistics   2011-12-31 13:22:00 - 2011-12-31 13:23:00
Tag                                                  Avg(ms)         Min         Max     Std Dev       Count

Performance Statistics   2011-12-31 13:23:00 - 2011-12-31 13:24:00
Tag                                                  Avg(ms)         Min         Max     Std Dev       Count

Performance Statistics   2011-12-31 13:24:00 - 2011-12-31 13:25:00
Tag                                                  Avg(ms)         Min         Max     Std Dev       Count

Performance Statistics   2011-12-31 13:25:00 - 2011-12-31 13:26:00
Tag                                                  Avg(ms)         Min         Max     Std Dev       Count

Performance Statistics   2011-12-31 13:26:00 - 2011-12-31 13:27:00
Tag                                                  Avg(ms)         Min         Max     Std Dev       Count

Performance Statistics   2011-12-31 13:27:00 - 2011-12-31 13:28:00
Tag                                                  Avg(ms)         Min         Max     Std Dev       Count

Performance Statistics   2011-12-31 13:28:00 - 2011-12-31 13:29:00
Tag                                                  Avg(ms)         Min         Max     Std Dev       Count

Performance Statistics   2011-12-31 13:29:00 - 2011-12-31 13:30:00
Tag                                                  Avg(ms)         Min         Max     Std Dev       Count

Performance Statistics   2011-12-31 13:30:00 - 2011-12-31 13:31:00
Tag                                                  Avg(ms)         Min         Max     Std Dev       Count

Performance Statistics   2011-12-31 13:31:00 - 2011-12-31 13:32:00
Tag                                                  Avg(ms)         Min         Max     Std Dev       Count

Performance Statistics   2011-12-31 13:32:00 - 2011-12-31 13:33:00
Tag                                                  Avg(ms)         Min         Max     Std Dev       Count

Performance Statistics   2011-12-31 13:33:00 - 2011-12-31 13:34:00
Tag                                                  Avg(ms)         Min         Max     Std Dev       Count

Performance Statistics   2011-12-31 13:34:00 - 2011-12-31 13:35:00
Tag                                                  Avg(ms)         Min         Max     Std Dev       Count

Performance Statistics   2011-12-31 13:35:00 - 2011-12-31 13:36:00
Tag                                                  Avg(ms)         Min         Max     Std Dev       Count

Performance Statistics   2011-12-31 13:36:00 - 2011-12-31 13:37:00
Tag                                                  Avg(ms)         Min         Max     Std Dev       Count

Performance Statistics   2011-12-31 13:37:00 - 2011-12-31 13:38:00
Tag                                                  Avg(ms)         Min         Max     Std Dev       Count

Performance Statistics   2011-12-31 13:38:00 - 2011-12-31 13:39:00
Tag                                                  Avg(ms)         Min         Max     Std Dev       Count
CREATE_TICKET_GRANTING_TICKET                            1.0           1           1         0.0           1
DESTROY_TICKET_GRANTING_TICKET                           2.0           0           4         2.0           2
GRANT_SERVICE_TICKET                                     0.3           0           1         0.5           3
VALIDATE_SERVICE_TICKET                                  0.5           0           1         0.5           2

